Rejected 996353 READS because of filtering out non-biological READS
Read 996353 spots for /mnt/ocimum/vol/atacpipeline/sra/GSM3557733/SRR8428325
Written 996353 spots for /mnt/ocimum/vol/atacpipeline/sra/GSM3557733/SRR8428325
Rejected 996353 READS because of filtering out non-biological READS
Read 996353 spots for /mnt/ocimum/vol/atacpipeline/sra/GSM3557733/SRR8428325
Written 996353 spots for /mnt/ocimum/vol/atacpipeline/sra/GSM3557733/SRR8428325
Rejected 996353 READS because of filtering out non-biological READS
Read 996353 spots for /mnt/ocimum/vol/atacpipeline/sra/GSM3557733/SRR8428325
Written 996353 spots for /mnt/ocimum/vol/atacpipeline/sra/GSM3557733/SRR8428325
Rejected 996353 READS because of filtering out non-biological READS
Read 996353 spots for /mnt/ocimum/vol/atacpipeline/sra/GSM3557733/SRR8428325
Written 996353 spots for /mnt/ocimum/vol/atacpipeline/sra/GSM3557733/SRR8428325
Rejected 996353 READS because of filtering out non-biological READS
Read 996353 spots for /mnt/ocimum/vol/atacpipeline/sra/GSM3557733/SRR8428325
Written 996353 spots for /mnt/ocimum/vol/atacpipeline/sra/GSM3557733/SRR8428325
Rejected 996353 READS because of filtering out non-biological READS
Read 996353 spots for /mnt/ocimum/vol/atacpipeline/sra/GSM3557733/SRR8428325
Written 996353 spots for /mnt/ocimum/vol/atacpipeline/sra/GSM3557733/SRR8428325
Rejected 996353 READS because of filtering out non-biological READS
Read 996353 spots for /mnt/ocimum/vol/atacpipeline/sra/GSM3557733/SRR8428325
Written 996353 spots for /mnt/ocimum/vol/atacpipeline/sra/GSM3557733/SRR8428325
Rejected 996353 READS because of filtering out non-biological READS
Read 996353 spots for /mnt/ocimum/vol/atacpipeline/sra/GSM3557733/SRR8428325
Written 996353 spots for /mnt/ocimum/vol/atacpipeline/sra/GSM3557733/SRR8428325
Rejected 996353 READS because of filtering out non-biological READS
Read 996353 spots for /mnt/ocimum/vol/atacpipeline/sra/GSM3557733/SRR8428325
Written 996353 spots for /mnt/ocimum/vol/atacpipeline/sra/GSM3557733/SRR8428325
Rejected 996353 READS because of filtering out non-biological READS
Read 996353 spots for /mnt/ocimum/vol/atacpipeline/sra/GSM3557733/SRR8428325
Written 996353 spots for /mnt/ocimum/vol/atacpipeline/sra/GSM3557733/SRR8428325
Rejected 996353 READS because of filtering out non-biological READS
Read 996353 spots for /mnt/ocimum/vol/atacpipeline/sra/GSM3557733/SRR8428325
Written 996353 spots for /mnt/ocimum/vol/atacpipeline/sra/GSM3557733/SRR8428325
Rejected 996353 READS because of filtering out non-biological READS
Read 996353 spots for /mnt/ocimum/vol/atacpipeline/sra/GSM3557733/SRR8428325
Written 996353 spots for /mnt/ocimum/vol/atacpipeline/sra/GSM3557733/SRR8428325
Rejected 996353 READS because of filtering out non-biological READS
Read 996353 spots for /mnt/ocimum/vol/atacpipeline/sra/GSM3557733/SRR8428325
Written 996353 spots for /mnt/ocimum/vol/atacpipeline/sra/GSM3557733/SRR8428325
Rejected 996353 READS because of filtering out non-biological READS
Read 996353 spots for /mnt/ocimum/vol/atacpipeline/sra/GSM3557733/SRR8428325
Written 996353 spots for /mnt/ocimum/vol/atacpipeline/sra/GSM3557733/SRR8428325
Rejected 996353 READS because of filtering out non-biological READS
Read 996353 spots for /mnt/ocimum/vol/atacpipeline/sra/GSM3557733/SRR8428325
Written 996353 spots for /mnt/ocimum/vol/atacpipeline/sra/GSM3557733/SRR8428325
Rejected 996353 READS because of filtering out non-biological READS
Read 996353 spots for /mnt/ocimum/vol/atacpipeline/sra/GSM3557733/SRR8428325
Written 996353 spots for /mnt/ocimum/vol/atacpipeline/sra/GSM3557733/SRR8428325
Rejected 996353 READS because of filtering out non-biological READS
Read 996353 spots for /mnt/ocimum/vol/atacpipeline/sra/GSM3557733/SRR8428325
Written 996353 spots for /mnt/ocimum/vol/atacpipeline/sra/GSM3557733/SRR8428325
Rejected 996390 READS because of filtering out non-biological READS
Read 996390 spots for /mnt/ocimum/vol/atacpipeline/sra/GSM3557733/SRR8428325
Written 996390 spots for /mnt/ocimum/vol/atacpipeline/sra/GSM3557733/SRR8428325
Rejected 996353 READS because of filtering out non-biological READS
Read 996353 spots for /mnt/ocimum/vol/atacpipeline/sra/GSM3557733/SRR8428325
Written 996353 spots for /mnt/ocimum/vol/atacpipeline/sra/GSM3557733/SRR8428325
Rejected 996353 READS because of filtering out non-biological READS
Read 996353 spots for /mnt/ocimum/vol/atacpipeline/sra/GSM3557733/SRR8428325
Written 996353 spots for /mnt/ocimum/vol/atacpipeline/sra/GSM3557733/SRR8428325
Rejected 996353 READS because of filtering out non-biological READS
Read 996353 spots for /mnt/ocimum/vol/atacpipeline/sra/GSM3557733/SRR8428325
Written 996353 spots for /mnt/ocimum/vol/atacpipeline/sra/GSM3557733/SRR8428325
Rejected 996353 READS because of filtering out non-biological READS
Read 996353 spots for /mnt/ocimum/vol/atacpipeline/sra/GSM3557733/SRR8428325
Written 996353 spots for /mnt/ocimum/vol/atacpipeline/sra/GSM3557733/SRR8428325
Rejected 996353 READS because of filtering out non-biological READS
Read 996353 spots for /mnt/ocimum/vol/atacpipeline/sra/GSM3557733/SRR8428325
Written 996353 spots for /mnt/ocimum/vol/atacpipeline/sra/GSM3557733/SRR8428325
Rejected 996353 READS because of filtering out non-biological READS
Read 996353 spots for /mnt/ocimum/vol/atacpipeline/sra/GSM3557733/SRR8428325
Written 996353 spots for /mnt/ocimum/vol/atacpipeline/sra/GSM3557733/SRR8428325
Rejected 996353 READS because of filtering out non-biological READS
Read 996353 spots for /mnt/ocimum/vol/atacpipeline/sra/GSM3557733/SRR8428325
Written 996353 spots for /mnt/ocimum/vol/atacpipeline/sra/GSM3557733/SRR8428325
Rejected 996353 READS because of filtering out non-biological READS
Read 996353 spots for /mnt/ocimum/vol/atacpipeline/sra/GSM3557733/SRR8428325
Written 996353 spots for /mnt/ocimum/vol/atacpipeline/sra/GSM3557733/SRR8428325
Rejected 996353 READS because of filtering out non-biological READS
Read 996353 spots for /mnt/ocimum/vol/atacpipeline/sra/GSM3557733/SRR8428325
Written 996353 spots for /mnt/ocimum/vol/atacpipeline/sra/GSM3557733/SRR8428325
Rejected 996353 READS because of filtering out non-biological READS
Read 996353 spots for /mnt/ocimum/vol/atacpipeline/sra/GSM3557733/SRR8428325
Written 996353 spots for /mnt/ocimum/vol/atacpipeline/sra/GSM3557733/SRR8428325
Rejected 996353 READS because of filtering out non-biological READS
Read 996353 spots for /mnt/ocimum/vol/atacpipeline/sra/GSM3557733/SRR8428325
Written 996353 spots for /mnt/ocimum/vol/atacpipeline/sra/GSM3557733/SRR8428325
Rejected 996353 READS because of filtering out non-biological READS
Read 996353 spots for /mnt/ocimum/vol/atacpipeline/sra/GSM3557733/SRR8428325
Written 996353 spots for /mnt/ocimum/vol/atacpipeline/sra/GSM3557733/SRR8428325
Rejected 996353 READS because of filtering out non-biological READS
Read 996353 spots for /mnt/ocimum/vol/atacpipeline/sra/GSM3557733/SRR8428325
Written 996353 spots for /mnt/ocimum/vol/atacpipeline/sra/GSM3557733/SRR8428325
Rejected 996353 READS because of filtering out non-biological READS
Read 996353 spots for /mnt/ocimum/vol/atacpipeline/sra/GSM3557733/SRR8428325
Written 996353 spots for /mnt/ocimum/vol/atacpipeline/sra/GSM3557733/SRR8428325
Rejected 996353 READS because of filtering out non-biological READS
Read 996353 spots for /mnt/ocimum/vol/atacpipeline/sra/GSM3557733/SRR8428325
Written 996353 spots for /mnt/ocimum/vol/atacpipeline/sra/GSM3557733/SRR8428325
Rejected 996353 READS because of filtering out non-biological READS
Read 996353 spots for /mnt/ocimum/vol/atacpipeline/sra/GSM3557733/SRR8428325
Written 996353 spots for /mnt/ocimum/vol/atacpipeline/sra/GSM3557733/SRR8428325
Rejected 996353 READS because of filtering out non-biological READS
Read 996353 spots for /mnt/ocimum/vol/atacpipeline/sra/GSM3557733/SRR8428325
Written 996353 spots for /mnt/ocimum/vol/atacpipeline/sra/GSM3557733/SRR8428325
Rejected 996353 READS because of filtering out non-biological READS
Read 996353 spots for /mnt/ocimum/vol/atacpipeline/sra/GSM3557733/SRR8428325
Written 996353 spots for /mnt/ocimum/vol/atacpipeline/sra/GSM3557733/SRR8428325
Rejected 996353 READS because of filtering out non-biological READS
Read 996353 spots for /mnt/ocimum/vol/atacpipeline/sra/GSM3557733/SRR8428325
Written 996353 spots for /mnt/ocimum/vol/atacpipeline/sra/GSM3557733/SRR8428325
Rejected 996353 READS because of filtering out non-biological READS
Read 996353 spots for /mnt/ocimum/vol/atacpipeline/sra/GSM3557733/SRR8428325
Written 996353 spots for /mnt/ocimum/vol/atacpipeline/sra/GSM3557733/SRR8428325
Rejected 996353 READS because of filtering out non-biological READS
Read 996353 spots for /mnt/ocimum/vol/atacpipeline/sra/GSM3557733/SRR8428325
Written 996353 spots for /mnt/ocimum/vol/atacpipeline/sra/GSM3557733/SRR8428325
Rejected 996353 READS because of filtering out non-biological READS
Read 996353 spots for /mnt/ocimum/vol/atacpipeline/sra/GSM3557733/SRR8428325
Written 996353 spots for /mnt/ocimum/vol/atacpipeline/sra/GSM3557733/SRR8428325
SRR ids: ['/mnt/ocimum/vol/atacpipeline/sra/GSM3557733/SRR8428325']
extra args: ['--split-spot', '--skip-technical', '--dumpbase', '--readids', '--clip', '--read-filter', 'pass', '--defline-seq', '@$ac.$si.$sg/$ri', '--defline-qual', '+', '--gzip']
tempdir: /tmp/pfd_kjej9heq
/mnt/ocimum/vol/atacpipeline/sra/GSM3557733/SRR8428325 spots: 39854157
blocks: [[1, 996353], [996354, 1992706], [1992707, 2989059], [2989060, 3985412], [3985413, 4981765], [4981766, 5978118], [5978119, 6974471], [6974472, 7970824], [7970825, 8967177], [8967178, 9963530], [9963531, 10959883], [10959884, 11956236], [11956237, 12952589], [12952590, 13948942], [13948943, 14945295], [14945296, 15941648], [15941649, 16938001], [16938002, 17934354], [17934355, 18930707], [18930708, 19927060], [19927061, 20923413], [20923414, 21919766], [21919767, 22916119], [22916120, 23912472], [23912473, 24908825], [24908826, 25905178], [25905179, 26901531], [26901532, 27897884], [27897885, 28894237], [28894238, 29890590], [29890591, 30886943], [30886944, 31883296], [31883297, 32879649], [32879650, 33876002], [33876003, 34872355], [34872356, 35868708], [35868709, 36865061], [36865062, 37861414], [37861415, 38857767], [38857768, 39854157]]
renamed '/mnt/ocimum/vol/atacpipeline/fastq/SRR8428325_pass.fastq.gz' -> '/mnt/ocimum/vol/atacpipeline/fastq/GSM3557733.fastq.gz'
