Read 871798 spots for /mnt/ocimum/vol/atacpipeline/sra/GSM3449580/SRR8126367
Written 871798 spots for /mnt/ocimum/vol/atacpipeline/sra/GSM3449580/SRR8126367
Read 871798 spots for /mnt/ocimum/vol/atacpipeline/sra/GSM3449580/SRR8126367
Written 871798 spots for /mnt/ocimum/vol/atacpipeline/sra/GSM3449580/SRR8126367
Read 871798 spots for /mnt/ocimum/vol/atacpipeline/sra/GSM3449580/SRR8126367
Written 871798 spots for /mnt/ocimum/vol/atacpipeline/sra/GSM3449580/SRR8126367
Read 871798 spots for /mnt/ocimum/vol/atacpipeline/sra/GSM3449580/SRR8126367
Written 871798 spots for /mnt/ocimum/vol/atacpipeline/sra/GSM3449580/SRR8126367
Read 871798 spots for /mnt/ocimum/vol/atacpipeline/sra/GSM3449580/SRR8126367
Written 871798 spots for /mnt/ocimum/vol/atacpipeline/sra/GSM3449580/SRR8126367
Read 871798 spots for /mnt/ocimum/vol/atacpipeline/sra/GSM3449580/SRR8126367
Written 871798 spots for /mnt/ocimum/vol/atacpipeline/sra/GSM3449580/SRR8126367
Read 871798 spots for /mnt/ocimum/vol/atacpipeline/sra/GSM3449580/SRR8126367
Written 871798 spots for /mnt/ocimum/vol/atacpipeline/sra/GSM3449580/SRR8126367
Read 871825 spots for /mnt/ocimum/vol/atacpipeline/sra/GSM3449580/SRR8126367
Written 871825 spots for /mnt/ocimum/vol/atacpipeline/sra/GSM3449580/SRR8126367
Read 871798 spots for /mnt/ocimum/vol/atacpipeline/sra/GSM3449580/SRR8126367
Written 871798 spots for /mnt/ocimum/vol/atacpipeline/sra/GSM3449580/SRR8126367
Read 871798 spots for /mnt/ocimum/vol/atacpipeline/sra/GSM3449580/SRR8126367
Written 871798 spots for /mnt/ocimum/vol/atacpipeline/sra/GSM3449580/SRR8126367
Read 871798 spots for /mnt/ocimum/vol/atacpipeline/sra/GSM3449580/SRR8126367
Written 871798 spots for /mnt/ocimum/vol/atacpipeline/sra/GSM3449580/SRR8126367
Read 871798 spots for /mnt/ocimum/vol/atacpipeline/sra/GSM3449580/SRR8126367
Written 871798 spots for /mnt/ocimum/vol/atacpipeline/sra/GSM3449580/SRR8126367
Read 871798 spots for /mnt/ocimum/vol/atacpipeline/sra/GSM3449580/SRR8126367
Written 871798 spots for /mnt/ocimum/vol/atacpipeline/sra/GSM3449580/SRR8126367
Read 871798 spots for /mnt/ocimum/vol/atacpipeline/sra/GSM3449580/SRR8126367
Written 871798 spots for /mnt/ocimum/vol/atacpipeline/sra/GSM3449580/SRR8126367
Read 871798 spots for /mnt/ocimum/vol/atacpipeline/sra/GSM3449580/SRR8126367
Written 871798 spots for /mnt/ocimum/vol/atacpipeline/sra/GSM3449580/SRR8126367
Read 871798 spots for /mnt/ocimum/vol/atacpipeline/sra/GSM3449580/SRR8126367
Written 871798 spots for /mnt/ocimum/vol/atacpipeline/sra/GSM3449580/SRR8126367
Read 871798 spots for /mnt/ocimum/vol/atacpipeline/sra/GSM3449580/SRR8126367
Written 871798 spots for /mnt/ocimum/vol/atacpipeline/sra/GSM3449580/SRR8126367
Read 871798 spots for /mnt/ocimum/vol/atacpipeline/sra/GSM3449580/SRR8126367
Written 871798 spots for /mnt/ocimum/vol/atacpipeline/sra/GSM3449580/SRR8126367
Read 871798 spots for /mnt/ocimum/vol/atacpipeline/sra/GSM3449580/SRR8126367
Written 871798 spots for /mnt/ocimum/vol/atacpipeline/sra/GSM3449580/SRR8126367
Read 871798 spots for /mnt/ocimum/vol/atacpipeline/sra/GSM3449580/SRR8126367
Written 871798 spots for /mnt/ocimum/vol/atacpipeline/sra/GSM3449580/SRR8126367
Read 871798 spots for /mnt/ocimum/vol/atacpipeline/sra/GSM3449580/SRR8126367
Written 871798 spots for /mnt/ocimum/vol/atacpipeline/sra/GSM3449580/SRR8126367
Read 871798 spots for /mnt/ocimum/vol/atacpipeline/sra/GSM3449580/SRR8126367
Written 871798 spots for /mnt/ocimum/vol/atacpipeline/sra/GSM3449580/SRR8126367
Read 871798 spots for /mnt/ocimum/vol/atacpipeline/sra/GSM3449580/SRR8126367
Written 871798 spots for /mnt/ocimum/vol/atacpipeline/sra/GSM3449580/SRR8126367
Read 871798 spots for /mnt/ocimum/vol/atacpipeline/sra/GSM3449580/SRR8126367
Written 871798 spots for /mnt/ocimum/vol/atacpipeline/sra/GSM3449580/SRR8126367
Read 871798 spots for /mnt/ocimum/vol/atacpipeline/sra/GSM3449580/SRR8126367
Written 871798 spots for /mnt/ocimum/vol/atacpipeline/sra/GSM3449580/SRR8126367
Read 871798 spots for /mnt/ocimum/vol/atacpipeline/sra/GSM3449580/SRR8126367
Written 871798 spots for /mnt/ocimum/vol/atacpipeline/sra/GSM3449580/SRR8126367
Read 871798 spots for /mnt/ocimum/vol/atacpipeline/sra/GSM3449580/SRR8126367
Written 871798 spots for /mnt/ocimum/vol/atacpipeline/sra/GSM3449580/SRR8126367
Read 871798 spots for /mnt/ocimum/vol/atacpipeline/sra/GSM3449580/SRR8126367
Written 871798 spots for /mnt/ocimum/vol/atacpipeline/sra/GSM3449580/SRR8126367
Read 871798 spots for /mnt/ocimum/vol/atacpipeline/sra/GSM3449580/SRR8126367
Written 871798 spots for /mnt/ocimum/vol/atacpipeline/sra/GSM3449580/SRR8126367
Read 871798 spots for /mnt/ocimum/vol/atacpipeline/sra/GSM3449580/SRR8126367
Written 871798 spots for /mnt/ocimum/vol/atacpipeline/sra/GSM3449580/SRR8126367
Read 871798 spots for /mnt/ocimum/vol/atacpipeline/sra/GSM3449580/SRR8126367
Written 871798 spots for /mnt/ocimum/vol/atacpipeline/sra/GSM3449580/SRR8126367
Read 871798 spots for /mnt/ocimum/vol/atacpipeline/sra/GSM3449580/SRR8126367
Written 871798 spots for /mnt/ocimum/vol/atacpipeline/sra/GSM3449580/SRR8126367
Read 871798 spots for /mnt/ocimum/vol/atacpipeline/sra/GSM3449580/SRR8126367
Written 871798 spots for /mnt/ocimum/vol/atacpipeline/sra/GSM3449580/SRR8126367
Read 871798 spots for /mnt/ocimum/vol/atacpipeline/sra/GSM3449580/SRR8126367
Written 871798 spots for /mnt/ocimum/vol/atacpipeline/sra/GSM3449580/SRR8126367
Read 871798 spots for /mnt/ocimum/vol/atacpipeline/sra/GSM3449580/SRR8126367
Written 871798 spots for /mnt/ocimum/vol/atacpipeline/sra/GSM3449580/SRR8126367
Read 871798 spots for /mnt/ocimum/vol/atacpipeline/sra/GSM3449580/SRR8126367
Written 871798 spots for /mnt/ocimum/vol/atacpipeline/sra/GSM3449580/SRR8126367
Read 871798 spots for /mnt/ocimum/vol/atacpipeline/sra/GSM3449580/SRR8126367
Written 871798 spots for /mnt/ocimum/vol/atacpipeline/sra/GSM3449580/SRR8126367
Read 871798 spots for /mnt/ocimum/vol/atacpipeline/sra/GSM3449580/SRR8126367
Written 871798 spots for /mnt/ocimum/vol/atacpipeline/sra/GSM3449580/SRR8126367
Read 871798 spots for /mnt/ocimum/vol/atacpipeline/sra/GSM3449580/SRR8126367
Written 871798 spots for /mnt/ocimum/vol/atacpipeline/sra/GSM3449580/SRR8126367
Read 871798 spots for /mnt/ocimum/vol/atacpipeline/sra/GSM3449580/SRR8126367
Written 871798 spots for /mnt/ocimum/vol/atacpipeline/sra/GSM3449580/SRR8126367
SRR ids: ['/mnt/ocimum/vol/atacpipeline/sra/GSM3449580/SRR8126367']
extra args: ['--split-spot', '--skip-technical', '--dumpbase', '--readids', '--clip', '--read-filter', 'pass', '--defline-seq', '@$ac.$si.$sg/$ri', '--defline-qual', '+', '--gzip']
tempdir: /tmp/pfd_k6f8y0zl
/mnt/ocimum/vol/atacpipeline/sra/GSM3449580/SRR8126367 spots: 34871947
blocks: [[1, 871798], [871799, 1743596], [1743597, 2615394], [2615395, 3487192], [3487193, 4358990], [4358991, 5230788], [5230789, 6102586], [6102587, 6974384], [6974385, 7846182], [7846183, 8717980], [8717981, 9589778], [9589779, 10461576], [10461577, 11333374], [11333375, 12205172], [12205173, 13076970], [13076971, 13948768], [13948769, 14820566], [14820567, 15692364], [15692365, 16564162], [16564163, 17435960], [17435961, 18307758], [18307759, 19179556], [19179557, 20051354], [20051355, 20923152], [20923153, 21794950], [21794951, 22666748], [22666749, 23538546], [23538547, 24410344], [24410345, 25282142], [25282143, 26153940], [26153941, 27025738], [27025739, 27897536], [27897537, 28769334], [28769335, 29641132], [29641133, 30512930], [30512931, 31384728], [31384729, 32256526], [32256527, 33128324], [33128325, 34000122], [34000123, 34871947]]
renamed '/mnt/ocimum/vol/atacpipeline/fastq/SRR8126367_pass.fastq.gz' -> '/mnt/ocimum/vol/atacpipeline/fastq/GSM3449580.fastq.gz'
