INFO  @ Thu, 25 Jul 2019 23:36:30: 
# Command line: callpeak -t /mnt/ocimum/vol/atacpipeline/dedup/GSM2837484-Bl71nemr.bam --outdir /mnt/ocimum/vol/atacpipeline/macs2/ -n GSM2837484-Bl71nemr --shift -100 --extsize 200 -B --nomodel --keep-dup 1 --buffer-size 10000 -g 123456789
# ARGUMENTS LIST:
# name = GSM2837484-Bl71nemr
# format = AUTO
# ChIP-seq file = ['/mnt/ocimum/vol/atacpipeline/dedup/GSM2837484-Bl71nemr.bam']
# control file = None
# effective genome size = 1.23e+08
# band width = 300
# model fold = [5, 50]
# qvalue cutoff = 5.00e-02
# The maximum gap between significant sites is assigned as the read length/tag size.
# The minimum length of peaks is assigned as the predicted fragment length "d".
# Larger dataset will be scaled towards smaller dataset.
# Range for calculating regional lambda is: 10000 bps
# Broad region calling is off
# Paired-End mode is off
 
INFO  @ Thu, 25 Jul 2019 23:36:30: #1 read tag files... 
INFO  @ Thu, 25 Jul 2019 23:36:30: #1 read treatment tags... 
INFO  @ Thu, 25 Jul 2019 23:36:30: Detected format is: BAM 
INFO  @ Thu, 25 Jul 2019 23:36:30: * Input file is gzipped. 
INFO  @ Thu, 25 Jul 2019 23:36:33:  1000000 
INFO  @ Thu, 25 Jul 2019 23:36:35:  2000000 
INFO  @ Thu, 25 Jul 2019 23:36:38:  3000000 
INFO  @ Thu, 25 Jul 2019 23:36:40:  4000000 
INFO  @ Thu, 25 Jul 2019 23:36:43:  5000000 
INFO  @ Thu, 25 Jul 2019 23:36:46:  6000000 
INFO  @ Thu, 25 Jul 2019 23:36:48:  7000000 
INFO  @ Thu, 25 Jul 2019 23:36:51:  8000000 
INFO  @ Thu, 25 Jul 2019 23:36:54:  9000000 
INFO  @ Thu, 25 Jul 2019 23:36:56:  10000000 
INFO  @ Thu, 25 Jul 2019 23:36:59:  11000000 
INFO  @ Thu, 25 Jul 2019 23:37:01:  12000000 
INFO  @ Thu, 25 Jul 2019 23:37:04:  13000000 
INFO  @ Thu, 25 Jul 2019 23:37:07:  14000000 
INFO  @ Thu, 25 Jul 2019 23:37:09:  15000000 
INFO  @ Thu, 25 Jul 2019 23:37:12:  16000000 
INFO  @ Thu, 25 Jul 2019 23:37:14:  17000000 
INFO  @ Thu, 25 Jul 2019 23:37:17:  18000000 
INFO  @ Thu, 25 Jul 2019 23:37:20:  19000000 
INFO  @ Thu, 25 Jul 2019 23:37:22:  20000000 
INFO  @ Thu, 25 Jul 2019 23:37:25:  21000000 
INFO  @ Thu, 25 Jul 2019 23:37:27:  22000000 
INFO  @ Thu, 25 Jul 2019 23:37:30:  23000000 
INFO  @ Thu, 25 Jul 2019 23:37:33:  24000000 
INFO  @ Thu, 25 Jul 2019 23:37:35:  25000000 
INFO  @ Thu, 25 Jul 2019 23:37:38:  26000000 
INFO  @ Thu, 25 Jul 2019 23:37:41:  27000000 
INFO  @ Thu, 25 Jul 2019 23:37:43:  28000000 
INFO  @ Thu, 25 Jul 2019 23:37:46:  29000000 
INFO  @ Thu, 25 Jul 2019 23:37:48:  30000000 
INFO  @ Thu, 25 Jul 2019 23:37:51:  31000000 
INFO  @ Thu, 25 Jul 2019 23:37:54:  32000000 
INFO  @ Thu, 25 Jul 2019 23:37:56:  33000000 
INFO  @ Thu, 25 Jul 2019 23:37:59:  34000000 
INFO  @ Thu, 25 Jul 2019 23:38:01:  35000000 
INFO  @ Thu, 25 Jul 2019 23:38:04:  36000000 
INFO  @ Thu, 25 Jul 2019 23:38:07:  37000000 
INFO  @ Thu, 25 Jul 2019 23:38:09:  38000000 
INFO  @ Thu, 25 Jul 2019 23:38:12:  39000000 
INFO  @ Thu, 25 Jul 2019 23:38:14:  40000000 
INFO  @ Thu, 25 Jul 2019 23:38:17:  41000000 
INFO  @ Thu, 25 Jul 2019 23:38:19:  42000000 
INFO  @ Thu, 25 Jul 2019 23:38:22:  43000000 
INFO  @ Thu, 25 Jul 2019 23:38:25:  44000000 
INFO  @ Thu, 25 Jul 2019 23:38:27:  45000000 
INFO  @ Thu, 25 Jul 2019 23:38:30:  46000000 
INFO  @ Thu, 25 Jul 2019 23:38:32:  47000000 
INFO  @ Thu, 25 Jul 2019 23:38:35:  48000000 
INFO  @ Thu, 25 Jul 2019 23:38:38:  49000000 
INFO  @ Thu, 25 Jul 2019 23:38:40:  50000000 
INFO  @ Thu, 25 Jul 2019 23:38:43:  51000000 
INFO  @ Thu, 25 Jul 2019 23:38:45:  52000000 
INFO  @ Thu, 25 Jul 2019 23:38:48:  53000000 
INFO  @ Thu, 25 Jul 2019 23:38:51:  54000000 
INFO  @ Thu, 25 Jul 2019 23:38:53:  55000000 
INFO  @ Thu, 25 Jul 2019 23:38:56:  56000000 
INFO  @ Thu, 25 Jul 2019 23:38:58:  57000000 
INFO  @ Thu, 25 Jul 2019 23:39:01:  58000000 
INFO  @ Thu, 25 Jul 2019 23:39:04:  59000000 
INFO  @ Thu, 25 Jul 2019 23:39:06:  60000000 
INFO  @ Thu, 25 Jul 2019 23:39:09:  61000000 
INFO  @ Thu, 25 Jul 2019 23:39:11:  62000000 
INFO  @ Thu, 25 Jul 2019 23:39:14:  63000000 
INFO  @ Thu, 25 Jul 2019 23:39:17:  64000000 
INFO  @ Thu, 25 Jul 2019 23:39:19:  65000000 
INFO  @ Thu, 25 Jul 2019 23:39:22:  66000000 
INFO  @ Thu, 25 Jul 2019 23:39:25:  67000000 
INFO  @ Thu, 25 Jul 2019 23:39:27:  68000000 
INFO  @ Thu, 25 Jul 2019 23:39:30:  69000000 
INFO  @ Thu, 25 Jul 2019 23:39:33:  70000000 
INFO  @ Thu, 25 Jul 2019 23:39:35:  71000000 
INFO  @ Thu, 25 Jul 2019 23:39:38:  72000000 
INFO  @ Thu, 25 Jul 2019 23:39:41:  73000000 
INFO  @ Thu, 25 Jul 2019 23:39:43:  74000000 
INFO  @ Thu, 25 Jul 2019 23:39:46:  75000000 
INFO  @ Thu, 25 Jul 2019 23:39:49:  76000000 
INFO  @ Thu, 25 Jul 2019 23:39:51:  77000000 
INFO  @ Thu, 25 Jul 2019 23:39:54:  78000000 
INFO  @ Thu, 25 Jul 2019 23:39:57:  79000000 
INFO  @ Thu, 25 Jul 2019 23:39:59:  80000000 
INFO  @ Thu, 25 Jul 2019 23:40:02:  81000000 
INFO  @ Thu, 25 Jul 2019 23:40:05:  82000000 
INFO  @ Thu, 25 Jul 2019 23:40:07:  83000000 
INFO  @ Thu, 25 Jul 2019 23:40:10:  84000000 
INFO  @ Thu, 25 Jul 2019 23:40:13:  85000000 
INFO  @ Thu, 25 Jul 2019 23:40:15:  86000000 
INFO  @ Thu, 25 Jul 2019 23:40:18:  87000000 
INFO  @ Thu, 25 Jul 2019 23:40:20:  88000000 
INFO  @ Thu, 25 Jul 2019 23:40:23:  89000000 
INFO  @ Thu, 25 Jul 2019 23:40:25:  90000000 
INFO  @ Thu, 25 Jul 2019 23:40:28:  91000000 
INFO  @ Thu, 25 Jul 2019 23:40:31:  92000000 
INFO  @ Thu, 25 Jul 2019 23:40:33:  93000000 
INFO  @ Thu, 25 Jul 2019 23:40:36:  94000000 
INFO  @ Thu, 25 Jul 2019 23:40:38:  95000000 
INFO  @ Thu, 25 Jul 2019 23:40:41:  96000000 
INFO  @ Thu, 25 Jul 2019 23:40:44:  97000000 
INFO  @ Thu, 25 Jul 2019 23:40:46:  98000000 
INFO  @ Thu, 25 Jul 2019 23:40:49:  99000000 
INFO  @ Thu, 25 Jul 2019 23:40:52:  100000000 
INFO  @ Thu, 25 Jul 2019 23:40:54:  101000000 
INFO  @ Thu, 25 Jul 2019 23:40:57:  102000000 
INFO  @ Thu, 25 Jul 2019 23:40:59:  103000000 
INFO  @ Thu, 25 Jul 2019 23:41:02:  104000000 
INFO  @ Thu, 25 Jul 2019 23:41:04:  105000000 
INFO  @ Thu, 25 Jul 2019 23:41:07:  106000000 
INFO  @ Thu, 25 Jul 2019 23:41:10:  107000000 
INFO  @ Thu, 25 Jul 2019 23:41:12:  108000000 
INFO  @ Thu, 25 Jul 2019 23:41:15:  109000000 
INFO  @ Thu, 25 Jul 2019 23:41:17:  110000000 
INFO  @ Thu, 25 Jul 2019 23:41:20:  111000000 
INFO  @ Thu, 25 Jul 2019 23:41:22:  112000000 
INFO  @ Thu, 25 Jul 2019 23:41:25:  113000000 
INFO  @ Thu, 25 Jul 2019 23:41:28:  114000000 
INFO  @ Thu, 25 Jul 2019 23:41:30:  115000000 
INFO  @ Thu, 25 Jul 2019 23:41:33:  116000000 
INFO  @ Thu, 25 Jul 2019 23:41:35:  117000000 
INFO  @ Thu, 25 Jul 2019 23:41:38:  118000000 
INFO  @ Thu, 25 Jul 2019 23:41:41:  119000000 
INFO  @ Thu, 25 Jul 2019 23:41:43:  120000000 
INFO  @ Thu, 25 Jul 2019 23:41:46:  121000000 
INFO  @ Thu, 25 Jul 2019 23:41:48:  122000000 
INFO  @ Thu, 25 Jul 2019 23:41:51:  123000000 
INFO  @ Thu, 25 Jul 2019 23:41:54:  124000000 
INFO  @ Thu, 25 Jul 2019 23:41:56:  125000000 
INFO  @ Thu, 25 Jul 2019 23:41:59:  126000000 
INFO  @ Thu, 25 Jul 2019 23:42:01:  127000000 
INFO  @ Thu, 25 Jul 2019 23:42:04:  128000000 
INFO  @ Thu, 25 Jul 2019 23:42:06:  129000000 
INFO  @ Thu, 25 Jul 2019 23:42:09:  130000000 
INFO  @ Thu, 25 Jul 2019 23:42:12:  131000000 
INFO  @ Thu, 25 Jul 2019 23:42:14:  132000000 
INFO  @ Thu, 25 Jul 2019 23:42:17:  133000000 
INFO  @ Thu, 25 Jul 2019 23:42:19:  134000000 
INFO  @ Thu, 25 Jul 2019 23:42:23: #1 tag size is determined as 48 bps 
INFO  @ Thu, 25 Jul 2019 23:42:23: #1 tag size = 48.0 
INFO  @ Thu, 25 Jul 2019 23:42:23: #1  total tags in treatment: 28637403 
INFO  @ Thu, 25 Jul 2019 23:42:23: #1 user defined the maximum tags... 
INFO  @ Thu, 25 Jul 2019 23:42:23: #1 filter out redundant tags at the same location and the same strand by allowing at most 1 tag(s) 
INFO  @ Thu, 25 Jul 2019 23:42:24: #1  tags after filtering in treatment: 20563702 
INFO  @ Thu, 25 Jul 2019 23:42:24: #1  Redundant rate of treatment: 0.28 
INFO  @ Thu, 25 Jul 2019 23:42:24: #1 finished! 
INFO  @ Thu, 25 Jul 2019 23:42:24: #2 Build Peak Model... 
INFO  @ Thu, 25 Jul 2019 23:42:24: #2 Skipped... 
INFO  @ Thu, 25 Jul 2019 23:42:24: #2 Use 200 as fragment length 
INFO  @ Thu, 25 Jul 2019 23:42:24: #2 Sequencing ends will be shifted towards 5' by 100 bp(s) 
INFO  @ Thu, 25 Jul 2019 23:42:24: #3 Call peaks... 
INFO  @ Thu, 25 Jul 2019 23:42:24: #3 Pre-compute pvalue-qvalue table... 
INFO  @ Thu, 25 Jul 2019 23:43:04: #3 In the peak calling step, the following will be performed simultaneously: 
INFO  @ Thu, 25 Jul 2019 23:43:04: #3   Write bedGraph files for treatment pileup (after scaling if necessary)... GSM2837484-Bl71nemr_treat_pileup.bdg 
INFO  @ Thu, 25 Jul 2019 23:43:04: #3   Write bedGraph files for control lambda (after scaling if necessary)... GSM2837484-Bl71nemr_control_lambda.bdg 
INFO  @ Thu, 25 Jul 2019 23:43:04: #3   Pileup will be based on sequencing depth in treatment. 
INFO  @ Thu, 25 Jul 2019 23:43:04: #3 Call peaks for each chromosome... 
INFO  @ Thu, 25 Jul 2019 23:44:42: #4 Write output xls file... /mnt/ocimum/vol/atacpipeline/macs2/GSM2837484-Bl71nemr_peaks.xls 
INFO  @ Thu, 25 Jul 2019 23:44:42: #4 Write peak in narrowPeak format file... /mnt/ocimum/vol/atacpipeline/macs2/GSM2837484-Bl71nemr_peaks.narrowPeak 
INFO  @ Thu, 25 Jul 2019 23:44:42: #4 Write summits bed file... /mnt/ocimum/vol/atacpipeline/macs2/GSM2837484-Bl71nemr_summits.bed 
INFO  @ Thu, 25 Jul 2019 23:44:42: Done! 
